<?xml version="1.0" encoding="UTF-8"?>
<robot generator="Robot 3.2.1 (Python 3.8.3 on win32)" generated="20200708 14:57:28.778" rpa="false">
<suite id="s1" name="TestSiteTocaObra" source="C:\Projetos\SuiteTeste(TocaObra)\tests\TestSiteTocaObra.robot">
<test id="s1-t1" name="Cenário 01: Pedido de compra Logado">
<kw name="Abrir navegador" library="Resource" type="setup">
<kw name="Open Browser" library="SeleniumLibrary">
<doc>Opens a new browser instance to the optional ``url``.</doc>
<arguments>
<arg>about:blank</arg>
<arg>${BROWSER}</arg>
</arguments>
<msg timestamp="20200708 14:57:29.320" level="INFO">Opening browser 'chrome' to base url 'about:blank'.</msg>
<status status="PASS" starttime="20200708 14:57:29.320" endtime="20200708 14:57:33.980"></status>
</kw>
<kw name="Maximize Browser Window" library="SeleniumLibrary">
<doc>Maximizes current browser window.</doc>
<status status="PASS" starttime="20200708 14:57:33.980" endtime="20200708 14:57:36.103"></status>
</kw>
<status status="PASS" starttime="20200708 14:57:29.319" endtime="20200708 14:57:36.103"></status>
</kw>
<kw name="Dado que estou na página home do site">
<kw name="Acessar a página home do site" library="Resource">
<kw name="Go To" library="SeleniumLibrary">
<doc>Navigates the current browser window to the provided ``url``.</doc>
<arguments>
<arg>${URL}</arg>
</arguments>
<msg timestamp="20200708 14:57:36.107" level="INFO">Opening url 'https://tocaobra.sandbox.clubecdp.com.br'</msg>
<status status="PASS" starttime="20200708 14:57:36.106" endtime="20200708 14:57:52.487"></status>
</kw>
<kw name="Title Should Be" library="SeleniumLibrary">
<doc>Verifies that the current page title equals ``title``.</doc>
<arguments>
<arg>Toca Obra</arg>
</arguments>
<msg timestamp="20200708 14:57:52.494" level="INFO">Page title is 'Toca Obra'.</msg>
<status status="PASS" starttime="20200708 14:57:52.487" endtime="20200708 14:57:52.494"></status>
</kw>
<status status="PASS" starttime="20200708 14:57:36.105" endtime="20200708 14:57:52.494"></status>
</kw>
<status status="PASS" starttime="20200708 14:57:36.104" endtime="20200708 14:57:52.495"></status>
</kw>
<kw name="Quando eu selecionar o link &quot;Entre&quot;">
<kw name="Clicar na opção do link &quot;Entre&quot;" library="Resource">
<kw name="Click Element" library="SeleniumLibrary">
<doc>Click the element identified by ``locator``.</doc>
<arguments>
<arg>${LINK}</arg>
</arguments>
<msg timestamp="20200708 14:57:52.497" level="INFO">Clicking element 'xpath=//*[@id="wrapper"]/header/nav[1]//div/div[2]/a[1]'.</msg>
<status status="PASS" starttime="20200708 14:57:52.497" endtime="20200708 14:57:52.867"></status>
</kw>
<status status="PASS" starttime="20200708 14:57:52.496" endtime="20200708 14:57:52.867"></status>
</kw>
<status status="PASS" starttime="20200708 14:57:52.495" endtime="20200708 14:57:52.867"></status>
</kw>
<kw name="Então direciona o cliente para a página de login">
<kw name="Verifica a página de login" library="Resource">
<kw name="Set Selenium Implicit Wait" library="SeleniumLibrary">
<doc>Sets the implicit wait value used by Selenium.</doc>
<arguments>
<arg>15 seconds</arg>
</arguments>
<status status="PASS" starttime="20200708 14:57:52.869" endtime="20200708 14:57:52.875"></status>
</kw>
<kw name="Wait Until Element Is Visible" library="SeleniumLibrary">
<doc>Waits until the element ``locator`` is visible.</doc>
<arguments>
<arg>id: loginForm</arg>
</arguments>
<status status="PASS" starttime="20200708 14:57:52.875" endtime="20200708 14:57:54.109"></status>
</kw>
<kw name="Page Should Contain Image" library="SeleniumLibrary">
<doc>Verifies image identified by ``locator`` is found from current page.</doc>
<arguments>
<arg>xpath=//*[@id="login"]/div/a/img[@src="${IMG-LOGO}"]</arg>
</arguments>
<msg timestamp="20200708 14:57:54.709" level="INFO">Current page contains image 'xpath=//*[@id="login"]/div/a/img[@src="https://images.sandbox.canaldapeca.com.br/fornecedores/m/toca-obra.jpg"]'.</msg>
<status status="PASS" starttime="20200708 14:57:54.110" endtime="20200708 14:57:54.709"></status>
</kw>
<status status="PASS" starttime="20200708 14:57:52.869" endtime="20200708 14:57:54.710"></status>
</kw>
<status status="PASS" starttime="20200708 14:57:52.868" endtime="20200708 14:57:54.710"></status>
</kw>
<kw name="Quando informo os dados do login">
<kw name="Informe campo Email" library="Resource">
<kw name="Click Element" library="SeleniumLibrary">
<doc>Click the element identified by ``locator``.</doc>
<arguments>
<arg>${CAMPO-EMAIL}</arg>
</arguments>
<msg timestamp="20200708 14:57:54.713" level="INFO">Clicking element 'xpath=//*[@id="username"]'.</msg>
<status status="PASS" starttime="20200708 14:57:54.712" endtime="20200708 14:57:54.886"></status>
</kw>
<kw name="Input Text" library="SeleniumLibrary">
<doc>Types the given ``text`` into the text field identified by ``locator``.</doc>
<arguments>
<arg>${CAMPO-EMAIL}</arg>
<arg>${EMAIL}</arg>
</arguments>
<msg timestamp="20200708 14:57:54.886" level="INFO">Typing text 'jsobrinho87@gmail.com' into text field 'xpath=//*[@id="username"]'.</msg>
<status status="PASS" starttime="20200708 14:57:54.886" endtime="20200708 14:57:55.147"></status>
</kw>
<status status="PASS" starttime="20200708 14:57:54.711" endtime="20200708 14:57:55.148"></status>
</kw>
<kw name="Informe campo Senha" library="Resource">
<kw name="Click Element" library="SeleniumLibrary">
<doc>Click the element identified by ``locator``.</doc>
<arguments>
<arg>${CAMPO-SENHA}</arg>
</arguments>
<msg timestamp="20200708 14:57:55.148" level="INFO">Clicking element 'xpath=//*[@id="password"]'.</msg>
<status status="PASS" starttime="20200708 14:57:55.148" endtime="20200708 14:57:55.234"></status>
</kw>
<kw name="Input Text" library="SeleniumLibrary">
<doc>Types the given ``text`` into the text field identified by ``locator``.</doc>
<arguments>
<arg>${CAMPO-SENHA}</arg>
<arg>${SENHA}</arg>
</arguments>
<msg timestamp="20200708 14:57:55.235" level="INFO">Typing text 'testecws' into text field 'xpath=//*[@id="password"]'.</msg>
<status status="PASS" starttime="20200708 14:57:55.234" endtime="20200708 14:57:55.348"></status>
</kw>
<status status="PASS" starttime="20200708 14:57:55.148" endtime="20200708 14:57:55.348"></status>
</kw>
<kw name="Seleciona botão &quot;Fazer login&quot;" library="Resource">
<kw name="Click Element" library="SeleniumLibrary">
<doc>Click the element identified by ``locator``.</doc>
<arguments>
<arg>${BOTAO-LOGIN}</arg>
</arguments>
<msg timestamp="20200708 14:57:55.350" level="INFO">Clicking element 'xpath=//*[@id="submit"]'.</msg>
<status status="PASS" starttime="20200708 14:57:55.350" endtime="20200708 14:57:55.709"></status>
</kw>
<status status="PASS" starttime="20200708 14:57:55.349" endtime="20200708 14:57:55.709"></status>
</kw>
<status status="PASS" starttime="20200708 14:57:54.711" endtime="20200708 14:57:55.710"></status>
</kw>
<kw name="Então sistema direciona para página home">
<kw name="Verifica página logado Home" library="Resource">
<kw name="Set Selenium Implicit Wait" library="SeleniumLibrary">
<doc>Sets the implicit wait value used by Selenium.</doc>
<arguments>
<arg>15 seconds</arg>
</arguments>
<status status="PASS" starttime="20200708 14:57:55.711" endtime="20200708 14:57:55.713"></status>
</kw>
<kw name="Wait Until Element Is Visible" library="SeleniumLibrary">
<doc>Waits until the element ``locator`` is visible.</doc>
<arguments>
<arg>xpath=//*[@id="wrapper"]/section/h2</arg>
</arguments>
<status status="PASS" starttime="20200708 14:57:55.713" endtime="20200708 14:58:00.744"></status>
</kw>
<kw name="Page Should Contain Image" library="SeleniumLibrary">
<doc>Verifies image identified by ``locator`` is found from current page.</doc>
<arguments>
<arg>xpath=//*[@id="logo"]/h1/a/img[@src="${IMG-LOGO}"]</arg>
</arguments>
<msg timestamp="20200708 14:58:00.793" level="INFO">Current page contains image 'xpath=//*[@id="logo"]/h1/a/img[@src="https://images.sandbox.canaldapeca.com.br/fornecedores/m/toca-obra.jpg"]'.</msg>
<status status="PASS" starttime="20200708 14:58:00.744" endtime="20200708 14:58:00.793"></status>
</kw>
<status status="PASS" starttime="20200708 14:57:55.711" endtime="20200708 14:58:00.794"></status>
</kw>
<status status="PASS" starttime="20200708 14:57:55.710" endtime="20200708 14:58:00.794"></status>
</kw>
<kw name="Quando eu selecionar um produto">
<kw name="Seleciona um produto" library="Resource">
<kw name="Click Element" library="SeleniumLibrary">
<doc>Click the element identified by ``locator``.</doc>
<arguments>
<arg>${SEL-PROD}</arg>
</arguments>
<msg timestamp="20200708 14:58:00.797" level="INFO">Clicking element 'css=#wrapper &gt; div.highlight-products-section &gt; div.go-home-container.clearfix.container &gt; div &gt; div &gt; div &gt; div &gt; div.owl-stage-outer &gt; div &gt; div:nth-child(2)'.</msg>
<status status="PASS" starttime="20200708 14:58:00.797" endtime="20200708 14:58:01.476"></status>
</kw>
<status status="PASS" starttime="20200708 14:58:00.796" endtime="20200708 14:58:01.476"></status>
</kw>
<status status="PASS" starttime="20200708 14:58:00.795" endtime="20200708 14:58:01.476"></status>
</kw>
<kw name="Então sistema direciona para página do produto">
<kw name="Verifica página de ficha do produto" library="Resource">
<kw name="Set Selenium Implicit Wait" library="SeleniumLibrary">
<doc>Sets the implicit wait value used by Selenium.</doc>
<arguments>
<arg>15 seconds</arg>
</arguments>
<status status="PASS" starttime="20200708 14:58:01.478" endtime="20200708 14:58:01.481"></status>
</kw>
<kw name="Wait Until Element Is Visible" library="SeleniumLibrary">
<doc>Waits until the element ``locator`` is visible.</doc>
<arguments>
<arg>${TEXT-PRODUTO}</arg>
</arguments>
<status status="PASS" starttime="20200708 14:58:01.481" endtime="20200708 14:58:06.626"></status>
</kw>
<kw name="Page Should Contain Element" library="SeleniumLibrary">
<doc>Verifies that element ``locator`` is found on the current page.</doc>
<arguments>
<arg>${ADD-CARRINHO}</arg>
</arguments>
<msg timestamp="20200708 14:58:08.848" level="INFO">Current page contains element 'xpath=//*[@id="button-submit-cart-footer"]'.</msg>
<status status="PASS" starttime="20200708 14:58:06.627" endtime="20200708 14:58:08.848"></status>
</kw>
<status status="PASS" starttime="20200708 14:58:01.478" endtime="20200708 14:58:08.848"></status>
</kw>
<status status="PASS" starttime="20200708 14:58:01.477" endtime="20200708 14:58:08.849"></status>
</kw>
<kw name="Quando eu seleciona botão &quot;Adicionar ao Carrinho&quot;">
<kw name="Seleciona o botão &quot;Adicionar ao Carrinho&quot;" library="Resource">
<kw name="Click Element" library="SeleniumLibrary">
<doc>Click the element identified by ``locator``.</doc>
<arguments>
<arg>${ADD-CARRINHO}</arg>
</arguments>
<msg timestamp="20200708 14:58:08.852" level="INFO">Clicking element 'xpath=//*[@id="button-submit-cart-footer"]'.</msg>
<status status="PASS" starttime="20200708 14:58:08.851" endtime="20200708 14:58:12.215"></status>
</kw>
<status status="PASS" starttime="20200708 14:58:08.851" endtime="20200708 14:58:12.216"></status>
</kw>
<status status="PASS" starttime="20200708 14:58:08.850" endtime="20200708 14:58:12.216"></status>
</kw>
<kw name="Então sistema direciona para página de Carrinho">
<kw name="Verifica página do Carrinho" library="Resource">
<kw name="Set Selenium Implicit Wait" library="SeleniumLibrary">
<doc>Sets the implicit wait value used by Selenium.</doc>
<arguments>
<arg>15 seconds</arg>
</arguments>
<status status="PASS" starttime="20200708 14:58:12.219" endtime="20200708 14:58:12.229"></status>
</kw>
<kw name="Wait Until Element Is Visible" library="SeleniumLibrary">
<doc>Waits until the element ``locator`` is visible.</doc>
<arguments>
<arg>xpath=//*[@id="content"]/div[1]/h3/div</arg>
</arguments>
<status status="PASS" starttime="20200708 14:58:12.229" endtime="20200708 14:58:12.351"></status>
</kw>
<status status="PASS" starttime="20200708 14:58:12.218" endtime="20200708 14:58:12.351"></status>
</kw>
<status status="PASS" starttime="20200708 14:58:12.217" endtime="20200708 14:58:12.352"></status>
</kw>
<kw name="Quando eu seleciona botão &quot;Finalizar Compra&quot;">
<kw name="Seleciona o botão &quot;Finalizar Compra&quot;" library="Resource">
<kw name="Click Element" library="SeleniumLibrary">
<doc>Click the element identified by ``locator``.</doc>
<arguments>
<arg>${BOT-FRETE}</arg>
</arguments>
<msg timestamp="20200708 14:58:12.354" level="INFO">Clicking element 'xpath=//*[@id="content"]/div[2]/form/div/div[2]/div[2]/button'.</msg>
<status status="PASS" starttime="20200708 14:58:12.354" endtime="20200708 14:58:12.721"></status>
</kw>
<status status="PASS" starttime="20200708 14:58:12.353" endtime="20200708 14:58:12.722"></status>
</kw>
<status status="PASS" starttime="20200708 14:58:12.352" endtime="20200708 14:58:12.723"></status>
</kw>
<kw name="Então sistema direciona para página de Escolha o frete">
<kw name="Verifica página de Escolha o frete" library="Resource">
<kw name="Set Selenium Implicit Wait" library="SeleniumLibrary">
<doc>Sets the implicit wait value used by Selenium.</doc>
<arguments>
<arg>15 seconds</arg>
</arguments>
<status status="PASS" starttime="20200708 14:58:12.733" endtime="20200708 14:58:12.736"></status>
</kw>
<kw name="Wait Until Element Is Visible" library="SeleniumLibrary">
<doc>Waits until the element ``locator`` is visible.</doc>
<arguments>
<arg>id: order-resume</arg>
</arguments>
<status status="PASS" starttime="20200708 14:58:12.736" endtime="20200708 14:58:15.813"></status>
</kw>
<status status="PASS" starttime="20200708 14:58:12.732" endtime="20200708 14:58:15.813"></status>
</kw>
<status status="PASS" starttime="20200708 14:58:12.731" endtime="20200708 14:58:15.814"></status>
</kw>
<kw name="Quando eu seleciona botão &quot;Ir para forma de pagamento&quot;">
<kw name="Seleciona o botão &quot;Ir para forma de pagamento&quot;" library="Resource">
<kw name="Click Element" library="SeleniumLibrary">
<doc>Click the element identified by ``locator``.</doc>
<arguments>
<arg>${BOT-FORMA-ENTR}</arg>
</arguments>
<msg timestamp="20200708 14:58:15.817" level="INFO">Clicking element 'id: radio35120'.</msg>
<kw name="Capture Page Screenshot" library="SeleniumLibrary">
<doc>Takes a screenshot of the current page and embeds it into a log file.</doc>
<msg timestamp="20200708 14:58:31.236" level="INFO" html="yes">&lt;/td&gt;&lt;/tr&gt;&lt;tr&gt;&lt;td colspan="3"&gt;&lt;a href="selenium-screenshot-1.png"&gt;&lt;img src="selenium-screenshot-1.png" width="800px"&gt;&lt;/a&gt;</msg>
<status status="PASS" starttime="20200708 14:58:30.915" endtime="20200708 14:58:31.236"></status>
</kw>
<msg timestamp="20200708 14:58:31.244" level="FAIL">Element with locator 'id: radio35120' not found.</msg>
<status status="FAIL" starttime="20200708 14:58:15.816" endtime="20200708 14:58:31.244"></status>
</kw>
<status status="FAIL" starttime="20200708 14:58:15.815" endtime="20200708 14:58:31.244"></status>
</kw>
<status status="FAIL" starttime="20200708 14:58:15.815" endtime="20200708 14:58:31.245"></status>
</kw>
<status status="FAIL" starttime="20200708 14:57:29.318" endtime="20200708 14:58:31.246" critical="yes">Element with locator 'id: radio35120' not found.</status>
</test>
<status status="FAIL" starttime="20200708 14:57:28.781" endtime="20200708 14:58:31.249"></status>
</suite>
<statistics>
<total>
<stat pass="0" fail="1">Critical Tests</stat>
<stat pass="0" fail="1">All Tests</stat>
</total>
<tag>
</tag>
<suite>
<stat pass="0" fail="1" id="s1" name="TestSiteTocaObra">TestSiteTocaObra</stat>
</suite>
</statistics>
<errors>
</errors>
</robot>
